<?xml version="1.0" encoding="UTF-8"?>
<!-- Generated by org.testng.reporters.JUnitXMLReporter -->
<testsuite ignored="0" hostname="PUN-PRAMOD" failures="0" tests="2" name="FirefoxTest" time="0.18" errors="0" timestamp="2021-11-02T11:05:20 IST">
  <testcase classname="BaseOrange.BaseClass" name="@BeforeTest beforetest" time="0.048">
    <failure type="org.openqa.selenium.WebDriverException" message="Cannot find firefox binary in PATH. Make sure firefox is installed. OS appears to be: WIN10
Build info: version: &amp;apos;3.141.59&amp;apos;, revision: &amp;apos;e82be7d358&amp;apos;, time: &amp;apos;2018-11-14T08:17:03&amp;apos;
System info: host: &amp;apos;PUN-PRAMOD&amp;apos;, ip: &amp;apos;192.168.1.5&amp;apos;, os.name: &amp;apos;Windows 10&amp;apos;, os.arch: &amp;apos;amd64&amp;apos;, os.version: &amp;apos;10.0&amp;apos;, java.version: &amp;apos;16.0.1&amp;apos;
Driver info: driver.version: FirefoxDriver">
      <![CDATA[org.openqa.selenium.WebDriverException: Cannot find firefox binary in PATH. Make sure firefox is installed. OS appears to be: WIN10
Build info: version: '3.141.59', revision: 'e82be7d358', time: '2018-11-14T08:17:03'
System info: host: 'PUN-PRAMOD', ip: '192.168.1.5', os.name: 'Windows 10', os.arch: 'amd64', os.version: '10.0', java.version: '16.0.1'
Driver info: driver.version: FirefoxDriver
at org.openqa.selenium.firefox.FirefoxBinary.<init>(FirefoxBinary.java:100)
at java.base/java.util.Optional.orElseGet(Optional.java:364)
at org.openqa.selenium.firefox.FirefoxOptions.getBinary(FirefoxOptions.java:216)
at org.openqa.selenium.firefox.FirefoxDriver.toExecutor(FirefoxDriver.java:187)
at org.openqa.selenium.firefox.FirefoxDriver.<init>(FirefoxDriver.java:147)
at org.openqa.selenium.firefox.FirefoxDriver.<init>(FirefoxDriver.java:125)
at BaseOrange.BaseClass.openFirefoxBrowser(BaseClass.java:23)
at BaseOrange.BaseClass.beforetest(BaseClass.java:35)
... Removed 24 stack frames]]>
    </failure>
  </testcase> <!-- @BeforeTest beforetest -->
  <testcase classname="TestOrange.TestOrangeClass" name="@BeforeClass beforetest" time="-1.635831320568E9">
    <skipped/>
  </testcase> <!-- @BeforeClass beforetest -->
  <testcase classname="TestOrange.TestOrangeClass" name="@BeforeMethod beforemethod" time="-1.635831320577E9">
    <skipped/>
  </testcase> <!-- @BeforeMethod beforemethod -->
  <testcase classname="TestOrange.TestOrangeClass" name="@AfterMethod aftermethod" time="-1.635831320603E9">
    <skipped/>
  </testcase> <!-- @AfterMethod aftermethod -->
  <testcase classname="TestOrange.TestOrangeClass" name="@BeforeMethod beforemethod" time="-1.635831320612E9">
    <skipped/>
  </testcase> <!-- @BeforeMethod beforemethod -->
  <testcase classname="TestOrange.TestOrangeClass" name="@AfterMethod aftermethod" time="-1.635831320626E9">
    <skipped/>
  </testcase> <!-- @AfterMethod aftermethod -->
  <testcase classname="TestOrange.TestOrangeClass" name="@AfterClass afterclass" time="-1.635831320629E9">
    <skipped/>
  </testcase> <!-- @AfterClass afterclass -->
  <testcase classname="BaseOrange.BaseClass" name="@AfterTest aftertest" time="-1.635831320632E9">
    <skipped/>
  </testcase> <!-- @AfterTest aftertest -->
  <testcase classname="TestOrange.TestOrangeClass" name="test1" time="0.0">
    <skipped/>
  </testcase> <!-- test1 -->
  <testcase classname="TestOrange.TestOrangeClass" name="test2" time="0.0">
    <skipped/>
  </testcase> <!-- test2 -->
</testsuite> <!-- FirefoxTest -->
